<?xml version="1.0" encoding="UTF-8"?>
<!-- Generated by org.testng.reporters.JUnitReportReporter -->
<testsuite hostname="Parmeshwar-QA" name="com.Airpay.Tests.TC_PP_Wallet_Banking_popular_wallet_verifying" tests="2" failures="0" timestamp="23 Jan 2019 13:09:34 GMT" time="24.574" errors="0">
  <testcase name="TC_TestCaseName" time="24.574" classname="com.Airpay.Tests.TC_PP_Wallet_Banking_popular_wallet_verifying"/>
  <testcase name="setup" time="0.000" classname="com.Airpay.Tests.TC_PP_Wallet_Banking_popular_wallet_verifying"/>
</testsuite> <!-- com.Airpay.Tests.TC_PP_Wallet_Banking_popular_wallet_verifying -->
