<?xml version="1.0" encoding="UTF-8"?>
<!-- Generated by org.testng.reporters.JUnitReportReporter -->
<testsuite hostname="Parmeshwar-QA" name="com.Airpay.Tests.TC_PP_EMI_Selecting_Bank_verifying" tests="2" failures="0" timestamp="25 Jan 2019 07:54:22 GMT" time="18.933" errors="0">
  <testcase name="TC_TestCaseName" time="18.929" classname="com.Airpay.Tests.TC_PP_EMI_Selecting_Bank_verifying"/>
  <testcase name="setup" time="0.004" classname="com.Airpay.Tests.TC_PP_EMI_Selecting_Bank_verifying"/>
</testsuite> <!-- com.Airpay.Tests.TC_PP_EMI_Selecting_Bank_verifying -->
