<?xml version="1.0" encoding="UTF-8"?>
<!-- Generated by org.testng.reporters.JUnitReportReporter -->
<testsuite hostname="Parmeshwar-QA" name="com.Airpay.Tests.TC_PP_EMI_Invalid_Credit_Card_Number_errMsg" tests="2" failures="0" timestamp="24 Jan 2019 04:17:01 GMT" time="34.748" errors="0">
  <testcase name="TC_TestCaseName" time="34.748" classname="com.Airpay.Tests.TC_PP_EMI_Invalid_Credit_Card_Number_errMsg"/>
  <testcase name="setup" time="0.000" classname="com.Airpay.Tests.TC_PP_EMI_Invalid_Credit_Card_Number_errMsg"/>
</testsuite> <!-- com.Airpay.Tests.TC_PP_EMI_Invalid_Credit_Card_Number_errMsg -->
