<?xml version="1.0" encoding="UTF-8"?>
<!-- Generated by org.testng.reporters.JUnitReportReporter -->
<testsuite hostname="Parmeshwar-QA" name="com.Airpay.Tests.TC_MA_Panel_Cash_URLDetails_Inactive" tests="2" failures="0" timestamp="25 Sep 2018 07:29:02 GMT" time="154.281" errors="0">
  <testcase name="TC_TestCaseName" time="154.281" classname="com.Airpay.Tests.TC_MA_Panel_Cash_URLDetails_Inactive"/>
  <testcase name="setup" time="0.000" classname="com.Airpay.Tests.TC_MA_Panel_Cash_URLDetails_Inactive"/>
</testsuite> <!-- com.Airpay.Tests.TC_MA_Panel_Cash_URLDetails_Inactive -->
