<?xml version="1.0" encoding="UTF-8"?>
<!-- Generated by org.testng.reporters.JUnitReportReporter -->
<testsuite hostname="Parmeshwar-QA" name="com.Airpay.Tests.TC_PP_Cash_MakePayment" tests="2" failures="0" timestamp="27 Sep 2018 09:18:00 GMT" time="21.804" errors="0">
  <testcase name="TC_TestCaseName" time="21.801" classname="com.Airpay.Tests.TC_PP_Cash_MakePayment"/>
  <testcase name="setup" time="0.003" classname="com.Airpay.Tests.TC_PP_Cash_MakePayment"/>
</testsuite> <!-- com.Airpay.Tests.TC_PP_Cash_MakePayment -->
