<?xml version="1.0" encoding="UTF-8"?>
<!-- Generated by org.testng.reporters.JUnitReportReporter -->
<testsuite hostname="Parmeshwar-QA" name="com.Airpay.Tests.TC_MA_Panel_Cash_BankDetails_Inactive" tests="2" failures="0" timestamp="28 Sep 2018 07:43:22 GMT" time="158.650" errors="0">
  <testcase name="setup" time="0.000" classname="com.Airpay.Tests.TC_MA_Panel_Cash_BankDetails_Inactive"/>
  <testcase name="TC_TestCaseName" time="158.650" classname="com.Airpay.Tests.TC_MA_Panel_Cash_BankDetails_Inactive"/>
</testsuite> <!-- com.Airpay.Tests.TC_MA_Panel_Cash_BankDetails_Inactive -->
