<?xml version="1.0" encoding="UTF-8"?>
<!-- Generated by org.testng.reporters.JUnitReportReporter -->
<testsuite hostname="Parmeshwar-QA" name="com.Airpay.Tests.TC_ID_Verify_Express_Payments_Invalid_PWd_and_BlankPWD" tests="2" failures="0" timestamp="18 Dec 2018 05:35:12 GMT" time="14.504" errors="0">
  <testcase name="TC_TestCaseName" time="14.500" classname="com.Airpay.Tests.TC_ID_Verify_Express_Payments_Invalid_PWd_and_BlankPWD"/>
  <testcase name="setup" time="0.004" classname="com.Airpay.Tests.TC_ID_Verify_Express_Payments_Invalid_PWd_and_BlankPWD"/>
</testsuite> <!-- com.Airpay.Tests.TC_ID_Verify_Express_Payments_Invalid_PWd_and_BlankPWD -->
