<?xml version="1.0" encoding="UTF-8"?>
<!-- Generated by org.testng.reporters.JUnitReportReporter -->
<testsuite hostname="Parmeshwar-QA" name="com.Airpay.Tests.TC_PP_Wallet_Banking_popular_wallet_verifying" tests="2" failures="0" timestamp="12 Dec 2018 10:47:39 GMT" time="18.773" errors="0">
  <testcase name="setup" time="0.004" classname="com.Airpay.Tests.TC_PP_Wallet_Banking_popular_wallet_verifying"/>
  <testcase name="TC_TestCaseName" time="18.769" classname="com.Airpay.Tests.TC_PP_Wallet_Banking_popular_wallet_verifying"/>
</testsuite> <!-- com.Airpay.Tests.TC_PP_Wallet_Banking_popular_wallet_verifying -->
