<?xml version="1.0" encoding="UTF-8"?>
<!-- Generated by org.testng.reporters.JUnitReportReporter -->
<testsuite hostname="Parmeshwar-QA" name="com.Airpay.Tests.TC_PP_14_Credit_Card" tests="2" failures="0" timestamp="27 Sep 2018 07:08:36 GMT" time="23.881" errors="0">
  <testcase name="setup" time="0.000" classname="com.Airpay.Tests.TC_PP_14_Credit_Card"/>
  <testcase name="TC_TestCaseName" time="23.881" classname="com.Airpay.Tests.TC_PP_14_Credit_Card"/>
</testsuite> <!-- com.Airpay.Tests.TC_PP_14_Credit_Card -->
