<?xml version="1.0" encoding="UTF-8"?>
<!-- Generated by org.testng.reporters.JUnitReportReporter -->
<testsuite hostname="Parmeshwar-QA" name="com.Airpay.Tests.TC_PP_13_Debit_Card" tests="2" failures="0" timestamp="23 Jan 2019 12:19:39 GMT" time="23.309" errors="0">
  <testcase name="setup" time="0.000" classname="com.Airpay.Tests.TC_PP_13_Debit_Card"/>
  <testcase name="TC_TestCaseName" time="23.309" classname="com.Airpay.Tests.TC_PP_13_Debit_Card"/>
</testsuite> <!-- com.Airpay.Tests.TC_PP_13_Debit_Card -->
