<?xml version="1.0" encoding="UTF-8"?>
<!-- Generated by org.testng.reporters.JUnitReportReporter -->
<testsuite hostname="Parmeshwar-QA" name="com.Airpay.Tests.TC_PP_Tez_Session_Cancel_Popup_ErrorMessage" tests="2" failures="0" timestamp="29 Aug 2018 09:11:57 GMT" time="17.717" errors="0">
  <testcase name="TC_TestCaseName" time="17.710" classname="com.Airpay.Tests.TC_PP_Tez_Session_Cancel_Popup_ErrorMessage"/>
  <testcase name="setup" time="0.007" classname="com.Airpay.Tests.TC_PP_Tez_Session_Cancel_Popup_ErrorMessage"/>
</testsuite> <!-- com.Airpay.Tests.TC_PP_Tez_Session_Cancel_Popup_ErrorMessage -->
