<?xml version="1.0" encoding="UTF-8"?>
<!-- Generated by org.testng.reporters.JUnitReportReporter -->
<testsuite hostname="Parmeshwar-QA" name="com.Airpay.Tests.TC_MA_Panel_Save_Card_EnableDisable_CheckBox" tests="2" failures="0" timestamp="5 Sep 2018 05:46:01 GMT" time="87.893" errors="0">
  <testcase name="setup" time="0.001" classname="com.Airpay.Tests.TC_MA_Panel_Save_Card_EnableDisable_CheckBox"/>
  <testcase name="TC_TestCaseName" time="87.892" classname="com.Airpay.Tests.TC_MA_Panel_Save_Card_EnableDisable_CheckBox"/>
</testsuite> <!-- com.Airpay.Tests.TC_MA_Panel_Save_Card_EnableDisable_CheckBox -->
