<?xml version="1.0" encoding="UTF-8"?>
<!-- Generated by org.testng.reporters.JUnitReportReporter -->
<testsuite hostname="Parmeshwar-QA" name="com.Airpay.Tests.TC_PP_NetBanking_All_Bank_Name_Access" tests="2" failures="0" timestamp="17 Aug 2018 12:11:02 GMT" time="49.929" errors="0">
  <testcase name="TC_TestCaseName" time="49.929" classname="com.Airpay.Tests.TC_PP_NetBanking_All_Bank_Name_Access"/>
  <testcase name="setup" time="0.000" classname="com.Airpay.Tests.TC_PP_NetBanking_All_Bank_Name_Access"/>
</testsuite> <!-- com.Airpay.Tests.TC_PP_NetBanking_All_Bank_Name_Access -->
