<?xml version="1.0" encoding="UTF-8"?>
<!-- Generated by org.testng.reporters.JUnitReportReporter -->
<testsuite hostname="Parmeshwar-QA" name="com.Airpay.Tests.TC_MA_panel_RTGS_NEFT_Successfull_Transaction_With_MATransactionDetails" tests="2" failures="0" timestamp="19 Sep 2018 11:34:53 GMT" time="176.392" errors="0">
  <testcase name="TC_TestCaseName" time="176.392" classname="com.Airpay.Tests.TC_MA_panel_RTGS_NEFT_Successfull_Transaction_With_MATransactionDetails"/>
  <testcase name="setup" time="0.000" classname="com.Airpay.Tests.TC_MA_panel_RTGS_NEFT_Successfull_Transaction_With_MATransactionDetails"/>
</testsuite> <!-- com.Airpay.Tests.TC_MA_panel_RTGS_NEFT_Successfull_Transaction_With_MATransactionDetails -->
