<?xml version="1.0" encoding="UTF-8"?>
<!-- Generated by org.testng.reporters.JUnitReportReporter -->
<testsuite hostname="Parmeshwar-QA" name="com.Airpay.Tests.TC_PP_01" tests="2" failures="0" timestamp="23 Jan 2019 12:13:53 GMT" time="6.507" errors="0">
  <testcase name="TC_TestCaseName" time="6.507" classname="com.Airpay.Tests.TC_PP_01"/>
  <testcase name="setup" time="0.000" classname="com.Airpay.Tests.TC_PP_01"/>
</testsuite> <!-- com.Airpay.Tests.TC_PP_01 -->
