<?xml version="1.0" encoding="UTF-8"?>
<!-- Generated by org.testng.reporters.JUnitReportReporter -->
<testsuite hostname="Parmeshwar-QA" name="com.Airpay.Tests.TC_PP_10" tests="2" failures="0" timestamp="23 Jan 2019 12:17:03 GMT" time="8.581" errors="0">
  <testcase name="TC_TestCaseName" time="8.581" classname="com.Airpay.Tests.TC_PP_10"/>
  <testcase name="setup" time="0.000" classname="com.Airpay.Tests.TC_PP_10"/>
</testsuite> <!-- com.Airpay.Tests.TC_PP_10 -->
