<?xml version="1.0" encoding="UTF-8"?>
<!-- Generated by org.testng.reporters.JUnitReportReporter -->
<testsuite hostname="Parmeshwar-QA" name="com.Airpay.Tests.TC_PP_valid_UPI_Session_Cancel_popup_ErrMsg" tests="2" failures="0" timestamp="27 Sep 2018 10:04:38 GMT" time="25.704" errors="0">
  <testcase name="TC_TestCaseName" time="25.704" classname="com.Airpay.Tests.TC_PP_valid_UPI_Session_Cancel_popup_ErrMsg"/>
  <testcase name="setup" time="0.000" classname="com.Airpay.Tests.TC_PP_valid_UPI_Session_Cancel_popup_ErrMsg"/>
</testsuite> <!-- com.Airpay.Tests.TC_PP_valid_UPI_Session_Cancel_popup_ErrMsg -->
