<?xml version="1.0" encoding="UTF-8"?>
<!-- Generated by org.testng.reporters.JUnitReportReporter -->
<testsuite hostname="Parmeshwar-QA" name="com.Airpay.Tests.TC_PP_InvalidTez_UPI_Address_ErrMsg" tests="2" failures="0" timestamp="29 Aug 2018 05:13:14 GMT" time="48.080" errors="0">
  <testcase name="TC_TestCaseName" time="48.077" classname="com.Airpay.Tests.TC_PP_InvalidTez_UPI_Address_ErrMsg"/>
  <testcase name="setup" time="0.003" classname="com.Airpay.Tests.TC_PP_InvalidTez_UPI_Address_ErrMsg"/>
</testsuite> <!-- com.Airpay.Tests.TC_PP_InvalidTez_UPI_Address_ErrMsg -->
