<?xml version="1.0" encoding="UTF-8"?>
<!-- Generated by org.testng.reporters.JUnitReportReporter -->
<testsuite hostname="Parmeshwar-QA" name="com.Airpay.Tests.TC_PP_Credit_Card_logo_Appearance" tests="2" failures="0" timestamp="23 Jan 2019 12:45:56 GMT" time="14.311" errors="0">
  <testcase name="TC_TestCaseName" time="14.310" classname="com.Airpay.Tests.TC_PP_Credit_Card_logo_Appearance"/>
  <testcase name="setup" time="0.001" classname="com.Airpay.Tests.TC_PP_Credit_Card_logo_Appearance"/>
</testsuite> <!-- com.Airpay.Tests.TC_PP_Credit_Card_logo_Appearance -->
