<?xml version="1.0" encoding="UTF-8"?>
<!-- Generated by org.testng.reporters.JUnitReportReporter -->
<testsuite hostname="Parmeshwar-QA" name="com.Airpay.Tests.TC_MA_Panel_Save_Card_EnableDisable_CheckBox" tests="2" failures="0" timestamp="28 Sep 2018 06:02:08 GMT" time="85.218" errors="0">
  <testcase name="TC_TestCaseName" time="85.218" classname="com.Airpay.Tests.TC_MA_Panel_Save_Card_EnableDisable_CheckBox"/>
  <testcase name="setup" time="0.000" classname="com.Airpay.Tests.TC_MA_Panel_Save_Card_EnableDisable_CheckBox"/>
</testsuite> <!-- com.Airpay.Tests.TC_MA_Panel_Save_Card_EnableDisable_CheckBox -->
