<?xml version="1.0" encoding="UTF-8"?>
<!-- Generated by org.testng.reporters.JUnitReportReporter -->
<testsuite hostname="Parmeshwar-QA" name="com.Airpay.Tests.TC_PP_13_Credit_Card" tests="2" failures="0" timestamp="23 Jan 2019 12:19:07 GMT" time="23.974" errors="0">
  <testcase name="setup" time="0.000" classname="com.Airpay.Tests.TC_PP_13_Credit_Card"/>
  <testcase name="TC_TestCaseName" time="23.974" classname="com.Airpay.Tests.TC_PP_13_Credit_Card"/>
</testsuite> <!-- com.Airpay.Tests.TC_PP_13_Credit_Card -->
