<?xml version="1.0" encoding="UTF-8"?>
<!-- Generated by org.testng.reporters.JUnitReportReporter -->
<testsuite hostname="Parmeshwar-QA" name="com.Airpay.Tests.TC_PP_14_EMI" tests="2" failures="0" timestamp="17 Aug 2018 11:38:01 GMT" time="21.590" errors="0">
  <testcase name="setup" time="0.000" classname="com.Airpay.Tests.TC_PP_14_EMI"/>
  <testcase name="TC_TestCaseName" time="21.590" classname="com.Airpay.Tests.TC_PP_14_EMI"/>
</testsuite> <!-- com.Airpay.Tests.TC_PP_14_EMI -->
