<?xml version="1.0" encoding="UTF-8"?>
<!-- Generated by org.testng.reporters.JUnitReportReporter -->
<testsuite hostname="Parmeshwar-QA" name="com.Airpay.Tests.TC_MA_Panel_Save_Card_EnableDisable_ForCreditCard" tests="2" failures="0" timestamp="4 Sep 2018 11:31:45 GMT" time="63.527" errors="0">
  <testcase name="setup" time="0.000" classname="com.Airpay.Tests.TC_MA_Panel_Save_Card_EnableDisable_ForCreditCard"/>
  <testcase name="TC_TestCaseName" time="63.527" classname="com.Airpay.Tests.TC_MA_Panel_Save_Card_EnableDisable_ForCreditCard"/>
</testsuite> <!-- com.Airpay.Tests.TC_MA_Panel_Save_Card_EnableDisable_ForCreditCard -->
