<?xml version="1.0" encoding="UTF-8"?>
<!-- Generated by org.testng.reporters.JUnitReportReporter -->
<testsuite hostname="Parmeshwar-QA" name="com.Airpay.Tests.TC_PP_07" tests="2" failures="0" timestamp="27 Sep 2018 06:33:02 GMT" time="9.424" errors="0">
  <testcase name="TC_TestCaseName" time="9.424" classname="com.Airpay.Tests.TC_PP_07"/>
  <testcase name="setup" time="0.000" classname="com.Airpay.Tests.TC_PP_07"/>
</testsuite> <!-- com.Airpay.Tests.TC_PP_07 -->
