<?xml version="1.0" encoding="UTF-8"?>
<!-- Generated by org.testng.reporters.JUnitReportReporter -->
<testsuite hostname="Parmeshwar-QA" name="com.Airpay.Tests.TC_MA_Panel_Cash_BankDetails_Active" tests="2" failures="0" timestamp="25 Sep 2018 07:26:18 GMT" time="163.407" errors="0">
  <testcase name="TC_TestCaseName" time="163.407" classname="com.Airpay.Tests.TC_MA_Panel_Cash_BankDetails_Active"/>
  <testcase name="setup" time="0.000" classname="com.Airpay.Tests.TC_MA_Panel_Cash_BankDetails_Active"/>
</testsuite> <!-- com.Airpay.Tests.TC_MA_Panel_Cash_BankDetails_Active -->
