<?xml version="1.0" encoding="UTF-8"?>
<!-- Generated by org.testng.reporters.JUnitReportReporter -->
<testsuite hostname="Parmeshwar-QA" name="com.Airpay.Tests.TC_ID_004_verify_Convenience_Fee_menu_is_available_or_not" tests="2" failures="0" timestamp="3 Oct 2018 10:59:42 GMT" time="29.682" errors="0">
  <testcase name="setup" time="0.003" classname="com.Airpay.Tests.TC_ID_004_verify_Convenience_Fee_menu_is_available_or_not"/>
  <testcase name="TC_TestCaseName" time="29.679" classname="com.Airpay.Tests.TC_ID_004_verify_Convenience_Fee_menu_is_available_or_not"/>
</testsuite> <!-- com.Airpay.Tests.TC_ID_004_verify_Convenience_Fee_menu_is_available_or_not -->
