<?xml version="1.0" encoding="UTF-8"?>
<!-- Generated by org.testng.reporters.JUnitReportReporter -->
<testsuite hostname="Parmeshwar-QA" name="com.Airpay.Tests.TC_PP_11_Debit_Card" tests="2" failures="0" timestamp="3 Dec 2018 11:16:15 GMT" time="27.268" errors="0">
  <testcase name="TC_TestCaseName" time="27.267" classname="com.Airpay.Tests.TC_PP_11_Debit_Card"/>
  <testcase name="setup" time="0.001" classname="com.Airpay.Tests.TC_PP_11_Debit_Card"/>
</testsuite> <!-- com.Airpay.Tests.TC_PP_11_Debit_Card -->
