<?xml version="1.0" encoding="UTF-8"?>
<!-- Generated by org.testng.reporters.JUnitReportReporter -->
<testsuite hostname="Parmeshwar-QA" name="com.Airpay.Tests.TC_PP_Moto_Transaction_Credit_Card_failed_Transaction_with_Surcharge_Applied" tests="2" failures="0" timestamp="26 Oct 2018 07:01:28 GMT" time="114.042" errors="0">
  <testcase name="TC_TestCaseName" time="114.038" classname="com.Airpay.Tests.TC_PP_Moto_Transaction_Credit_Card_failed_Transaction_with_Surcharge_Applied"/>
  <testcase name="setup" time="0.004" classname="com.Airpay.Tests.TC_PP_Moto_Transaction_Credit_Card_failed_Transaction_with_Surcharge_Applied"/>
</testsuite> <!-- com.Airpay.Tests.TC_PP_Moto_Transaction_Credit_Card_failed_Transaction_with_Surcharge_Applied -->
