<?xml version="1.0" encoding="UTF-8"?>
<!-- Generated by org.testng.reporters.JUnitReportReporter -->
<testsuite hostname="Parmeshwar-QA" name="com.Airpay.Tests.TC_PP_NetBanking_errorValidtion" tests="2" failures="0" timestamp="23 Jan 2019 12:25:58 GMT" time="20.270" errors="0">
  <testcase name="TC_TestCaseName" time="20.270" classname="com.Airpay.Tests.TC_PP_NetBanking_errorValidtion"/>
  <testcase name="setup" time="0.000" classname="com.Airpay.Tests.TC_PP_NetBanking_errorValidtion"/>
</testsuite> <!-- com.Airpay.Tests.TC_PP_NetBanking_errorValidtion -->
