<?xml version="1.0" encoding="UTF-8"?>
<!-- Generated by org.testng.reporters.JUnitReportReporter -->
<testsuite hostname="Parmeshwar-QA" name="com.Airpay.Tests.TC_ID_018_Verify_can_user_add_one_rule_with_one_Title_name" tests="2" failures="0" timestamp="8 Oct 2018 10:31:09 GMT" time="31.514" errors="0">
  <testcase name="TC_TestCaseName" time="31.510" classname="com.Airpay.Tests.TC_ID_018_Verify_can_user_add_one_rule_with_one_Title_name"/>
  <testcase name="setup" time="0.004" classname="com.Airpay.Tests.TC_ID_018_Verify_can_user_add_one_rule_with_one_Title_name"/>
</testsuite> <!-- com.Airpay.Tests.TC_ID_018_Verify_can_user_add_one_rule_with_one_Title_name -->
