<?xml version="1.0" encoding="UTF-8"?>
<!-- Generated by org.testng.reporters.JUnitReportReporter -->
<testsuite hostname="Parmeshwar-QA" name="com.Airpay.Tests.TC_PP_EMI_Blank_Value_RedLine_Error_notification" tests="2" failures="0" timestamp="27 Aug 2018 09:07:19 GMT" time="13.554" errors="0">
  <testcase name="setup" time="0.010" classname="com.Airpay.Tests.TC_PP_EMI_Blank_Value_RedLine_Error_notification"/>
  <testcase name="TC_TestCaseName" time="13.544" classname="com.Airpay.Tests.TC_PP_EMI_Blank_Value_RedLine_Error_notification"/>
</testsuite> <!-- com.Airpay.Tests.TC_PP_EMI_Blank_Value_RedLine_Error_notification -->
