<?xml version="1.0" encoding="UTF-8"?>
<!-- Generated by org.testng.reporters.JUnitReportReporter -->
<testsuite hostname="Parmeshwar-QA" name="com.Airpay.Tests.TC_PP_BharatOR_BarCode_img_verification" tests="2" failures="0" timestamp="24 Aug 2018 11:37:51 GMT" time="21.233" errors="0">
  <testcase name="TC_TestCaseName" time="21.230" classname="com.Airpay.Tests.TC_PP_BharatOR_BarCode_img_verification"/>
  <testcase name="setup" time="0.003" classname="com.Airpay.Tests.TC_PP_BharatOR_BarCode_img_verification"/>
</testsuite> <!-- com.Airpay.Tests.TC_PP_BharatOR_BarCode_img_verification -->
