<?xml version="1.0" encoding="UTF-8"?>
<!-- Generated by org.testng.reporters.JUnitReportReporter -->
<testsuite hostname="Parmeshwar-QA" name="com.Airpay.Tests.TC_PP_13_Credit_Card" tests="2" failures="0" timestamp="16 Aug 2018 04:42:50 GMT" time="57.737" errors="0">
  <testcase name="TC_TestCaseName" time="57.737" classname="com.Airpay.Tests.TC_PP_13_Credit_Card"/>
  <testcase name="setup" time="0.000" classname="com.Airpay.Tests.TC_PP_13_Credit_Card"/>
</testsuite> <!-- com.Airpay.Tests.TC_PP_13_Credit_Card -->
