<?xml version="1.0" encoding="UTF-8"?>
<!-- Generated by org.testng.reporters.JUnitReportReporter -->
<testsuite hostname="Parmeshwar-QA" name="com.Airpay.Tests.TC_PP_RTGS_And_NEFT_SuccessTransaction" tests="2" failures="0" timestamp="19 Dec 2018 06:55:50 GMT" time="1890.398" errors="0">
  <testcase name="setup" time="0.004" classname="com.Airpay.Tests.TC_PP_RTGS_And_NEFT_SuccessTransaction"/>
  <testcase name="TC_TestCaseName" time="1890.394" classname="com.Airpay.Tests.TC_PP_RTGS_And_NEFT_SuccessTransaction"/>
</testsuite> <!-- com.Airpay.Tests.TC_PP_RTGS_And_NEFT_SuccessTransaction -->
