<?xml version="1.0" encoding="UTF-8"?>
<!-- Generated by org.testng.reporters.JUnitReportReporter -->
<testsuite hostname="Parmeshwar-QA" name="com.Airpay.Tests.TC_PP_Virtual_Account_Success_transaction_testcase" tests="2" failures="0" timestamp="24 Jan 2019 04:23:26 GMT" time="114.952" errors="0">
  <testcase name="TC_TestCaseName" time="114.952" classname="com.Airpay.Tests.TC_PP_Virtual_Account_Success_transaction_testcase"/>
  <testcase name="setup" time="0.000" classname="com.Airpay.Tests.TC_PP_Virtual_Account_Success_transaction_testcase"/>
</testsuite> <!-- com.Airpay.Tests.TC_PP_Virtual_Account_Success_transaction_testcase -->
