<?xml version="1.0" encoding="UTF-8"?>
<!-- Generated by org.testng.reporters.JUnitReportReporter -->
<testsuite hostname="Parmeshwar-QA" name="com.Airpay.Tests.TC_MA_panel_Cash_Successfull_Transaction_With_MATransactionDetails" tests="2" failures="0" timestamp="28 Sep 2018 07:04:35 GMT" time="197.652" errors="0">
  <testcase name="setup" time="0.000" classname="com.Airpay.Tests.TC_MA_panel_Cash_Successfull_Transaction_With_MATransactionDetails"/>
  <testcase name="TC_TestCaseName" time="197.652" classname="com.Airpay.Tests.TC_MA_panel_Cash_Successfull_Transaction_With_MATransactionDetails"/>
</testsuite> <!-- com.Airpay.Tests.TC_MA_panel_Cash_Successfull_Transaction_With_MATransactionDetails -->
