<?xml version="1.0" encoding="UTF-8"?>
<!-- Generated by org.testng.reporters.JUnitReportReporter -->
<testsuite hostname="Parmeshwar-QA" name="com.Airpay.Tests.TC_PP_09_Credit_Card" tests="2" failures="0" timestamp="23 Jan 2019 12:15:49 GMT" time="17.187" errors="0">
  <testcase name="TC_TestCaseName" time="17.187" classname="com.Airpay.Tests.TC_PP_09_Credit_Card"/>
  <testcase name="setup" time="0.000" classname="com.Airpay.Tests.TC_PP_09_Credit_Card"/>
</testsuite> <!-- com.Airpay.Tests.TC_PP_09_Credit_Card -->
