<?xml version="1.0" encoding="UTF-8"?>
<!-- Generated by org.testng.reporters.JUnitReportReporter -->
<testsuite hostname="Parmeshwar-QA" name="com.Airpay.Tests.TC_PP_Virtual_Account_Success_transaction_testcase" tests="2" failures="0" timestamp="28 Aug 2018 06:27:47 GMT" time="36.651" errors="0">
  <testcase name="setup" time="0.005" classname="com.Airpay.Tests.TC_PP_Virtual_Account_Success_transaction_testcase"/>
  <testcase name="TC_TestCaseName" time="36.646" classname="com.Airpay.Tests.TC_PP_Virtual_Account_Success_transaction_testcase"/>
</testsuite> <!-- com.Airpay.Tests.TC_PP_Virtual_Account_Success_transaction_testcase -->
