<?xml version="1.0" encoding="UTF-8"?>
<!-- Generated by org.testng.reporters.JUnitReportReporter -->
<testsuite hostname="Parmeshwar-QA" name="com.Airpay.Tests.TC_PP_09_Debit_Card" tests="2" failures="0" timestamp="27 Sep 2018 06:34:36 GMT" time="15.461" errors="0">
  <testcase name="TC_TestCaseName" time="15.461" classname="com.Airpay.Tests.TC_PP_09_Debit_Card"/>
  <testcase name="setup" time="0.000" classname="com.Airpay.Tests.TC_PP_09_Debit_Card"/>
</testsuite> <!-- com.Airpay.Tests.TC_PP_09_Debit_Card -->
