<?xml version="1.0" encoding="UTF-8"?>
<!-- Generated by org.testng.reporters.JUnitReportReporter -->
<testsuite hostname="Parmeshwar-QA" name="com.Airpay.Tests.TC_PP_01" tests="2" failures="0" timestamp="26 Sep 2018 12:08:02 GMT" time="2.950" errors="0">
  <testcase name="setup" time="0.004" classname="com.Airpay.Tests.TC_PP_01"/>
  <testcase name="TC_TestCaseName" time="2.946" classname="com.Airpay.Tests.TC_PP_01"/>
</testsuite> <!-- com.Airpay.Tests.TC_PP_01 -->
