<?xml version="1.0" encoding="UTF-8"?>
<!-- Generated by org.testng.reporters.JUnitReportReporter -->
<testsuite hostname="Parmeshwar-QA" name="com.Airpay.Tests.TC_PP_Wallet_Navigation_page" tests="2" failures="0" timestamp="1 Oct 2018 10:03:30 GMT" time="489.649" errors="0">
  <testcase name="setup" time="0.009" classname="com.Airpay.Tests.TC_PP_Wallet_Navigation_page"/>
  <testcase name="TC_TestCaseName" time="489.640" classname="com.Airpay.Tests.TC_PP_Wallet_Navigation_page"/>
</testsuite> <!-- com.Airpay.Tests.TC_PP_Wallet_Navigation_page -->
