<?xml version="1.0" encoding="UTF-8"?>
<!-- Generated by org.testng.reporters.JUnitReportReporter -->
<testsuite hostname="Parmeshwar-QA" name="com.Airpay.Tests.TC_PP_valid_UPI_Session_Cancel_popup_ErrMsg" tests="2" failures="0" timestamp="7 Jan 2019 10:25:58 GMT" time="78.095" errors="0">
  <testcase name="setup" time="0.000" classname="com.Airpay.Tests.TC_PP_valid_UPI_Session_Cancel_popup_ErrMsg"/>
  <testcase name="TC_TestCaseName" time="78.095" classname="com.Airpay.Tests.TC_PP_valid_UPI_Session_Cancel_popup_ErrMsg"/>
</testsuite> <!-- com.Airpay.Tests.TC_PP_valid_UPI_Session_Cancel_popup_ErrMsg -->
