<?xml version="1.0" encoding="UTF-8"?>
<!-- Generated by org.testng.reporters.JUnitReportReporter -->
<testsuite hostname="Parmeshwar-QA" name="com.Airpay.Tests.TC_PP_valid_UPI_SessionTimeOut_ErrMsg" tests="2" failures="0" timestamp="27 Sep 2018 10:04:03 GMT" time="197.860" errors="0">
  <testcase name="TC_TestCaseName" time="197.860" classname="com.Airpay.Tests.TC_PP_valid_UPI_SessionTimeOut_ErrMsg"/>
  <testcase name="setup" time="0.000" classname="com.Airpay.Tests.TC_PP_valid_UPI_SessionTimeOut_ErrMsg"/>
</testsuite> <!-- com.Airpay.Tests.TC_PP_valid_UPI_SessionTimeOut_ErrMsg -->
