<?xml version="1.0" encoding="UTF-8"?>
<!-- Generated by org.testng.reporters.JUnitReportReporter -->
<testsuite hostname="Parmeshwar-QA" name="com.Airpay.Tests.TC_PP_valid_UPI_Transaction_Decline_ErrorMsg" tests="2" failures="0" timestamp="3 Dec 2018 12:04:18 GMT" time="259.940" errors="0">
  <testcase name="TC_TestCaseName" time="259.940" classname="com.Airpay.Tests.TC_PP_valid_UPI_Transaction_Decline_ErrorMsg"/>
  <testcase name="setup" time="0.000" classname="com.Airpay.Tests.TC_PP_valid_UPI_Transaction_Decline_ErrorMsg"/>
</testsuite> <!-- com.Airpay.Tests.TC_PP_valid_UPI_Transaction_Decline_ErrorMsg -->
