<?xml version="1.0" encoding="UTF-8"?>
<!-- Generated by org.testng.reporters.JUnitReportReporter -->
<testsuite hostname="Parmeshwar-QA" name="com.Airpay.Tests.TC_PP_Invalid_UPI_Address_NewDesign" tests="2" failures="0" timestamp="7 Jan 2019 10:19:53 GMT" time="57.587" errors="0">
  <testcase name="setup" time="0.005" classname="com.Airpay.Tests.TC_PP_Invalid_UPI_Address_NewDesign"/>
  <testcase name="TC_TestCaseName" time="57.582" classname="com.Airpay.Tests.TC_PP_Invalid_UPI_Address_NewDesign"/>
</testsuite> <!-- com.Airpay.Tests.TC_PP_Invalid_UPI_Address_NewDesign -->
