<?xml version="1.0" encoding="UTF-8"?>
<!-- Generated by org.testng.reporters.JUnitReportReporter -->
<testsuite hostname="Parmeshwar-QA" name="com.Airpay.Tests.TC_ID_012_To_check_the_process_of_Title_text_field_for_Surcharge" tests="2" failures="0" timestamp="8 Oct 2018 04:55:43 GMT" time="27.121" errors="0">
  <testcase name="TC_TestCaseName" time="27.117" classname="com.Airpay.Tests.TC_ID_012_To_check_the_process_of_Title_text_field_for_Surcharge"/>
  <testcase name="setup" time="0.004" classname="com.Airpay.Tests.TC_ID_012_To_check_the_process_of_Title_text_field_for_Surcharge"/>
</testsuite> <!-- com.Airpay.Tests.TC_ID_012_To_check_the_process_of_Title_text_field_for_Surcharge -->
