<?xml version="1.0" encoding="UTF-8"?>
<!-- Generated by org.testng.reporters.JUnitReportReporter -->
<testsuite hostname="Parmeshwar-QA" name="com.Airpay.Tests.TC_PP_14_Debit_Card" tests="2" failures="0" timestamp="17 Aug 2018 11:37:29 GMT" time="24.288" errors="0">
  <testcase name="setup" time="0.000" classname="com.Airpay.Tests.TC_PP_14_Debit_Card"/>
  <testcase name="TC_TestCaseName" time="24.288" classname="com.Airpay.Tests.TC_PP_14_Debit_Card"/>
</testsuite> <!-- com.Airpay.Tests.TC_PP_14_Debit_Card -->
