<?xml version="1.0" encoding="UTF-8"?>
<!-- Generated by org.testng.reporters.JUnitReportReporter -->
<testsuite hostname="Parmeshwar-QA" name="com.Airpay.Tests.TC_PP_EMI_Bank_Type_Verification" tests="2" failures="0" timestamp="23 Aug 2018 11:24:02 GMT" time="12.119" errors="0">
  <testcase name="setup" time="0.005" classname="com.Airpay.Tests.TC_PP_EMI_Bank_Type_Verification"/>
  <testcase name="TC_TestCaseName" time="12.114" classname="com.Airpay.Tests.TC_PP_EMI_Bank_Type_Verification"/>
</testsuite> <!-- com.Airpay.Tests.TC_PP_EMI_Bank_Type_Verification -->
