<?xml version="1.0" encoding="UTF-8"?>
<!-- Generated by org.testng.reporters.JUnitReportReporter -->
<testsuite hostname="Parmeshwar-QA" name="com.Airpay.Tests.TC_PP_15_Debit_Card" tests="2" failures="0" timestamp="29 Jan 2019 05:47:25 GMT" time="174.290" errors="0">
  <testcase name="setup" time="0.008" classname="com.Airpay.Tests.TC_PP_15_Debit_Card"/>
  <testcase name="TC_TestCaseName" time="174.282" classname="com.Airpay.Tests.TC_PP_15_Debit_Card"/>
</testsuite> <!-- com.Airpay.Tests.TC_PP_15_Debit_Card -->
