<?xml version="1.0" encoding="UTF-8"?>
<!-- Generated by org.testng.reporters.JUnitReportReporter -->
<testsuite hostname="Parmeshwar-QA" name="com.Airpay.Tests.TC_PP_valid_UPI_Transaction_Decline_ErrorMsg" tests="2" failures="0" timestamp="7 Jan 2019 06:38:00 GMT" time="326.481" errors="0">
  <testcase name="setup" time="0.000" classname="com.Airpay.Tests.TC_PP_valid_UPI_Transaction_Decline_ErrorMsg"/>
  <testcase name="TC_TestCaseName" time="326.481" classname="com.Airpay.Tests.TC_PP_valid_UPI_Transaction_Decline_ErrorMsg"/>
</testsuite> <!-- com.Airpay.Tests.TC_PP_valid_UPI_Transaction_Decline_ErrorMsg -->
