<?xml version="1.0" encoding="UTF-8"?>
<!-- Generated by org.testng.reporters.JUnitReportReporter -->
<testsuite hostname="Parmeshwar-QA" name="com.Airpay.Tests.TC_PP_Virtual_Account_Success_transaction_testcase" tests="2" failures="0" timestamp="27 Sep 2018 10:36:34 GMT" time="33.509" errors="0">
  <testcase name="setup" time="0.000" classname="com.Airpay.Tests.TC_PP_Virtual_Account_Success_transaction_testcase"/>
  <testcase name="TC_TestCaseName" time="33.509" classname="com.Airpay.Tests.TC_PP_Virtual_Account_Success_transaction_testcase"/>
</testsuite> <!-- com.Airpay.Tests.TC_PP_Virtual_Account_Success_transaction_testcase -->
