<?xml version="1.0" encoding="UTF-8"?>
<!-- Generated by org.testng.reporters.JUnitReportReporter -->
<testsuite hostname="Parmeshwar-QA" name="com.Airpay.Tests.TC_PP_UPI_SuccessTransaction_ErrorMessage" tests="2" failures="0" timestamp="21 Aug 2018 05:47:56 GMT" time="114.416" errors="0">
  <testcase name="setup" time="0.003" classname="com.Airpay.Tests.TC_PP_UPI_SuccessTransaction_ErrorMessage"/>
  <testcase name="TC_TestCaseName" time="114.413" classname="com.Airpay.Tests.TC_PP_UPI_SuccessTransaction_ErrorMessage"/>
</testsuite> <!-- com.Airpay.Tests.TC_PP_UPI_SuccessTransaction_ErrorMessage -->
