<?xml version="1.0" encoding="UTF-8"?>
<!-- Generated by org.testng.reporters.JUnitReportReporter -->
<testsuite hostname="Parmeshwar-QA" name="com.Airpay.Tests.TC_PP_07" tests="2" failures="0" timestamp="16 Aug 2018 04:37:17 GMT" time="17.536" errors="0">
  <testcase name="setup" time="0.000" classname="com.Airpay.Tests.TC_PP_07"/>
  <testcase name="TC_TestCaseName" time="17.536" classname="com.Airpay.Tests.TC_PP_07"/>
</testsuite> <!-- com.Airpay.Tests.TC_PP_07 -->
