<?xml version="1.0" encoding="UTF-8"?>
<!-- Generated by org.testng.reporters.JUnitReportReporter -->
<testsuite hostname="Parmeshwar-QA" name="com.Airpay.Tests.TC_PP_Tez_UPI_Success_Transaction" tests="2" failures="0" timestamp="29 Aug 2018 06:08:40 GMT" time="102.143" errors="0">
  <testcase name="setup" time="0.004" classname="com.Airpay.Tests.TC_PP_Tez_UPI_Success_Transaction"/>
  <testcase name="TC_TestCaseName" time="102.139" classname="com.Airpay.Tests.TC_PP_Tez_UPI_Success_Transaction"/>
</testsuite> <!-- com.Airpay.Tests.TC_PP_Tez_UPI_Success_Transaction -->
