<?xml version="1.0" encoding="UTF-8"?>
<!-- Generated by org.testng.reporters.JUnitReportReporter -->
<testsuite hostname="Parmeshwar-QA" name="com.Airpay.Tests.TC_PP_15_Debit_Card" tests="2" failures="0" timestamp="27 Sep 2018 07:18:34 GMT" time="148.394" errors="0">
  <testcase name="TC_TestCaseName" time="148.393" classname="com.Airpay.Tests.TC_PP_15_Debit_Card"/>
  <testcase name="setup" time="0.001" classname="com.Airpay.Tests.TC_PP_15_Debit_Card"/>
</testsuite> <!-- com.Airpay.Tests.TC_PP_15_Debit_Card -->
