<?xml version="1.0" encoding="UTF-8"?>
<!-- Generated by org.testng.reporters.JUnitReportReporter -->
<testsuite hostname="Parmeshwar-QA" name="com.Airpay.Tests.TC_MA_Panel_NetBanking_URL_Details_Active" tests="2" failures="0" timestamp="11 Sep 2018 07:59:48 GMT" time="144.834" errors="0">
  <testcase name="setup" time="0.000" classname="com.Airpay.Tests.TC_MA_Panel_NetBanking_URL_Details_Active"/>
  <testcase name="TC_TestCaseName" time="144.834" classname="com.Airpay.Tests.TC_MA_Panel_NetBanking_URL_Details_Active"/>
</testsuite> <!-- com.Airpay.Tests.TC_MA_Panel_NetBanking_URL_Details_Active -->
