<?xml version="1.0" encoding="UTF-8"?>
<!-- Generated by org.testng.reporters.JUnitReportReporter -->
<testsuite hostname="Parmeshwar-QA" name="com.Airpay.Tests.TC_PP_05" tests="2" failures="0" timestamp="23 Jan 2019 12:14:30 GMT" time="9.640" errors="0">
  <testcase name="TC_TestCaseName" time="9.640" classname="com.Airpay.Tests.TC_PP_05"/>
  <testcase name="setup" time="0.000" classname="com.Airpay.Tests.TC_PP_05"/>
</testsuite> <!-- com.Airpay.Tests.TC_PP_05 -->
