<?xml version="1.0" encoding="UTF-8"?>
<!-- Generated by org.testng.reporters.JUnitReportReporter -->
<testsuite hostname="Parmeshwar-QA" name="com.Airpay.Tests.TC_PP_Cash_MakePayment" tests="2" failures="0" timestamp="12 Dec 2018 11:37:05 GMT" time="25.984" errors="0">
  <testcase name="TC_TestCaseName" time="25.980" classname="com.Airpay.Tests.TC_PP_Cash_MakePayment"/>
  <testcase name="setup" time="0.004" classname="com.Airpay.Tests.TC_PP_Cash_MakePayment"/>
</testsuite> <!-- com.Airpay.Tests.TC_PP_Cash_MakePayment -->
