<?xml version="1.0" encoding="UTF-8"?>
<!-- Generated by org.testng.reporters.JUnitReportReporter -->
<testsuite hostname="Parmeshwar-QA" name="com.Airpay.Tests.TC_PP_NetBanking_errorValidtion" tests="2" failures="0" timestamp="3 Dec 2018 11:18:33 GMT" time="23.884" errors="0">
  <testcase name="setup" time="0.000" classname="com.Airpay.Tests.TC_PP_NetBanking_errorValidtion"/>
  <testcase name="TC_TestCaseName" time="23.884" classname="com.Airpay.Tests.TC_PP_NetBanking_errorValidtion"/>
</testsuite> <!-- com.Airpay.Tests.TC_PP_NetBanking_errorValidtion -->
