<?xml version="1.0" encoding="UTF-8"?>
<!-- Generated by org.testng.reporters.JUnitReportReporter -->
<testsuite hostname="Parmeshwar-QA" name="com.Airpay.Tests.TC_PP_17_Credit_Card" tests="2" failures="0" timestamp="2 Jan 2019 07:10:52 GMT" time="44.391" errors="0">
  <testcase name="TC_TestCaseName" time="44.384" classname="com.Airpay.Tests.TC_PP_17_Credit_Card"/>
  <testcase name="setup" time="0.007" classname="com.Airpay.Tests.TC_PP_17_Credit_Card"/>
</testsuite> <!-- com.Airpay.Tests.TC_PP_17_Credit_Card -->
