<?xml version="1.0" encoding="UTF-8"?>
<!-- Generated by org.testng.reporters.JUnitReportReporter -->
<testsuite hostname="Parmeshwar-QA" name="com.Airpay.Tests.TC_MA_Panel_Cash_URLDetails_Inactive" tests="2" failures="0" timestamp="28 Sep 2018 07:49:20 GMT" time="168.606" errors="0">
  <testcase name="setup" time="0.000" classname="com.Airpay.Tests.TC_MA_Panel_Cash_URLDetails_Inactive"/>
  <testcase name="TC_TestCaseName" time="168.606" classname="com.Airpay.Tests.TC_MA_Panel_Cash_URLDetails_Inactive"/>
</testsuite> <!-- com.Airpay.Tests.TC_MA_Panel_Cash_URLDetails_Inactive -->
