<?xml version="1.0" encoding="UTF-8"?>
<!-- Generated by org.testng.reporters.JUnitReportReporter -->
<testsuite hostname="Parmeshwar-QA" name="com.Airpay.Tests.TC_PP_Tez_Session_TimeOut_ErrorMesg" tests="2" failures="0" timestamp="29 Aug 2018 05:41:10 GMT" time="227.075" errors="0">
  <testcase name="TC_TestCaseName" time="227.070" classname="com.Airpay.Tests.TC_PP_Tez_Session_TimeOut_ErrorMesg"/>
  <testcase name="setup" time="0.005" classname="com.Airpay.Tests.TC_PP_Tez_Session_TimeOut_ErrorMesg"/>
</testsuite> <!-- com.Airpay.Tests.TC_PP_Tez_Session_TimeOut_ErrorMesg -->
