<?xml version="1.0" encoding="UTF-8"?>
<!-- Generated by org.testng.reporters.JUnitReportReporter -->
<testsuite hostname="Parmeshwar-QA" name="com.Airpay.Tests.TC_PP_NetBanking_All_Bank_Name_Access" tests="2" failures="0" timestamp="23 Jan 2019 13:09:01 GMT" time="32.993" errors="0">
  <testcase name="setup" time="0.000" classname="com.Airpay.Tests.TC_PP_NetBanking_All_Bank_Name_Access"/>
  <testcase name="TC_TestCaseName" time="32.993" classname="com.Airpay.Tests.TC_PP_NetBanking_All_Bank_Name_Access"/>
</testsuite> <!-- com.Airpay.Tests.TC_PP_NetBanking_All_Bank_Name_Access -->
