<?xml version="1.0" encoding="UTF-8"?>
<!-- Generated by org.testng.reporters.JUnitReportReporter -->
<testsuite hostname="Parmeshwar-QA" name="com.Airpay.Tests.TC_MA_Panel_Cash_URLkDetails_Active" tests="2" failures="0" timestamp="25 Sep 2018 07:31:41 GMT" time="148.001" errors="0">
  <testcase name="TC_TestCaseName" time="148.001" classname="com.Airpay.Tests.TC_MA_Panel_Cash_URLkDetails_Active"/>
  <testcase name="setup" time="0.000" classname="com.Airpay.Tests.TC_MA_Panel_Cash_URLkDetails_Active"/>
</testsuite> <!-- com.Airpay.Tests.TC_MA_Panel_Cash_URLkDetails_Active -->
