<?xml version="1.0" encoding="UTF-8"?>
<!-- Generated by org.testng.reporters.JUnitReportReporter -->
<testsuite hostname="Parmeshwar-QA" name="com.Airpay.Tests.TC_PP_Tez_Session_TimeOut_ErrorMesg" tests="2" failures="0" timestamp="27 Sep 2018 10:42:16 GMT" time="209.177" errors="0">
  <testcase name="setup" time="0.000" classname="com.Airpay.Tests.TC_PP_Tez_Session_TimeOut_ErrorMesg"/>
  <testcase name="TC_TestCaseName" time="209.177" classname="com.Airpay.Tests.TC_PP_Tez_Session_TimeOut_ErrorMesg"/>
</testsuite> <!-- com.Airpay.Tests.TC_PP_Tez_Session_TimeOut_ErrorMesg -->
