<?xml version="1.0" encoding="UTF-8"?>
<!-- Generated by org.testng.reporters.JUnitReportReporter -->
<testsuite hostname="Parmeshwar-QA" name="com.Airpay.Tests.TC_MA_Panel_Select_Merchant" tests="2" failures="0" timestamp="4 Sep 2018 07:53:17 GMT" time="74.339" errors="0">
  <testcase name="setup" time="0.004" classname="com.Airpay.Tests.TC_MA_Panel_Select_Merchant"/>
  <testcase name="TC_TestCaseName" time="74.335" classname="com.Airpay.Tests.TC_MA_Panel_Select_Merchant"/>
</testsuite> <!-- com.Airpay.Tests.TC_MA_Panel_Select_Merchant -->
