<?xml version="1.0" encoding="UTF-8"?>
<!-- Generated by org.testng.reporters.JUnitReportReporter -->
<testsuite hostname="Parmeshwar-QA" name="com.Airpay.Tests.TC_PP_UPI_SuccessTransaction_ErrorMessage" tests="2" failures="0" timestamp="27 Sep 2018 09:59:54 GMT" time="10.510" errors="0">
  <testcase name="TC_TestCaseName" time="10.510" classname="com.Airpay.Tests.TC_PP_UPI_SuccessTransaction_ErrorMessage"/>
  <testcase name="setup" time="0.000" classname="com.Airpay.Tests.TC_PP_UPI_SuccessTransaction_ErrorMessage"/>
</testsuite> <!-- com.Airpay.Tests.TC_PP_UPI_SuccessTransaction_ErrorMessage -->
