<?xml version="1.0" encoding="UTF-8"?>
<!-- Generated by org.testng.reporters.JUnitReportReporter -->
<testsuite hostname="Parmeshwar-QA" name="com.Airpay.Tests.TC_PP_08" tests="2" failures="0" timestamp="27 Sep 2018 06:33:19 GMT" time="8.318" errors="0">
  <testcase name="TC_TestCaseName" time="8.318" classname="com.Airpay.Tests.TC_PP_08"/>
  <testcase name="setup" time="0.000" classname="com.Airpay.Tests.TC_PP_08"/>
</testsuite> <!-- com.Airpay.Tests.TC_PP_08 -->
