<?xml version="1.0" encoding="UTF-8"?>
<!-- Generated by org.testng.reporters.JUnitReportReporter -->
<testsuite hostname="Parmeshwar-QA" name="com.Airpay.Tests.TC_MA_Panel_Cash_Merchant_BankDetails_MinAndMax_Range_Val" tests="2" failures="0" timestamp="25 Sep 2018 07:34:50 GMT" time="180.385" errors="0">
  <testcase name="setup" time="0.000" classname="com.Airpay.Tests.TC_MA_Panel_Cash_Merchant_BankDetails_MinAndMax_Range_Val"/>
  <testcase name="TC_TestCaseName" time="180.385" classname="com.Airpay.Tests.TC_MA_Panel_Cash_Merchant_BankDetails_MinAndMax_Range_Val"/>
</testsuite> <!-- com.Airpay.Tests.TC_MA_Panel_Cash_Merchant_BankDetails_MinAndMax_Range_Val -->
