<?xml version="1.0" encoding="UTF-8"?>
<!-- Generated by org.testng.reporters.JUnitReportReporter -->
<testsuite hostname="Parmeshwar-QA" name="com.Airpay.Tests.TC_PP_08" tests="2" failures="0" timestamp="12 Dec 2018 05:39:25 GMT" time="8.026" errors="0">
  <testcase name="TC_TestCaseName" time="8.026" classname="com.Airpay.Tests.TC_PP_08"/>
  <testcase name="setup" time="0.000" classname="com.Airpay.Tests.TC_PP_08"/>
</testsuite> <!-- com.Airpay.Tests.TC_PP_08 -->
