<?xml version="1.0" encoding="UTF-8"?>
<!-- Generated by org.testng.reporters.JUnitReportReporter -->
<testsuite hostname="Parmeshwar-QA" name="com.Airpay.Tests.TC_PP_valid_UPI_Transaction_Decline_ErrorMsg" tests="2" failures="0" timestamp="27 Sep 2018 10:09:11 GMT" time="263.706" errors="0">
  <testcase name="setup" time="0.000" classname="com.Airpay.Tests.TC_PP_valid_UPI_Transaction_Decline_ErrorMsg"/>
  <testcase name="TC_TestCaseName" time="263.706" classname="com.Airpay.Tests.TC_PP_valid_UPI_Transaction_Decline_ErrorMsg"/>
</testsuite> <!-- com.Airpay.Tests.TC_PP_valid_UPI_Transaction_Decline_ErrorMsg -->
