<?xml version="1.0" encoding="UTF-8"?>
<!-- Generated by org.testng.reporters.JUnitReportReporter -->
<testsuite hostname="Parmeshwar-QA" name="com.Airpay.Tests.TC_PP_Cash_MakePayment" tests="2" failures="0" timestamp="24 Jan 2019 10:59:59 GMT" time="86.847" errors="0">
  <testcase name="TC_TestCaseName" time="86.846" classname="com.Airpay.Tests.TC_PP_Cash_MakePayment"/>
  <testcase name="setup" time="0.001" classname="com.Airpay.Tests.TC_PP_Cash_MakePayment"/>
</testsuite> <!-- com.Airpay.Tests.TC_PP_Cash_MakePayment -->
