<?xml version="1.0" encoding="UTF-8"?>
<!-- Generated by org.testng.reporters.JUnitReportReporter -->
<testsuite hostname="Parmeshwar-QA" name="com.Airpay.Tests.TC_PP_Wallet_Navigation_page" tests="2" failures="0" timestamp="17 Aug 2018 12:09:23 GMT" time="152.417" errors="0">
  <testcase name="TC_TestCaseName" time="152.417" classname="com.Airpay.Tests.TC_PP_Wallet_Navigation_page"/>
  <testcase name="setup" time="0.000" classname="com.Airpay.Tests.TC_PP_Wallet_Navigation_page"/>
</testsuite> <!-- com.Airpay.Tests.TC_PP_Wallet_Navigation_page -->
