<?xml version="1.0" encoding="UTF-8"?>
<!-- Generated by org.testng.reporters.JUnitReportReporter -->
<testsuite hostname="Parmeshwar-QA" name="com.Airpay.Utilities.Create_TestNGXML" tests="1" failures="0" timestamp="24 Aug 2018 11:37:51 GMT" time="38.865" errors="0">
  <testcase name="createXMLfile" time="38.865" classname="com.Airpay.Utilities.Create_TestNGXML"/>
</testsuite> <!-- com.Airpay.Utilities.Create_TestNGXML -->
