<?xml version="1.0" encoding="UTF-8"?>
<!-- Generated by org.testng.reporters.JUnitReportReporter -->
<testsuite hostname="Parmeshwar-QA" name="com.Airpay.Tests.TC_PP_valid_UPI_SessionTimeOut_ErrMsg_NewDesign" tests="2" failures="0" timestamp="23 Jan 2019 13:14:06 GMT" time="28.500" errors="0">
  <testcase name="setup" time="0.000" classname="com.Airpay.Tests.TC_PP_valid_UPI_SessionTimeOut_ErrMsg_NewDesign"/>
  <testcase name="TC_TestCaseName" time="28.500" classname="com.Airpay.Tests.TC_PP_valid_UPI_SessionTimeOut_ErrMsg_NewDesign"/>
</testsuite> <!-- com.Airpay.Tests.TC_PP_valid_UPI_SessionTimeOut_ErrMsg_NewDesign -->
