<?xml version="1.0" encoding="UTF-8"?>
<!-- Generated by org.testng.reporters.JUnitReportReporter -->
<testsuite hostname="Parmeshwar-QA" name="com.Airpay.Tests.TC_PP_15_Debit_Card" tests="2" failures="0" timestamp="19 Dec 2018 06:05:37 GMT" time="117.096" errors="0">
  <testcase name="setup" time="0.004" classname="com.Airpay.Tests.TC_PP_15_Debit_Card"/>
  <testcase name="TC_TestCaseName" time="117.092" classname="com.Airpay.Tests.TC_PP_15_Debit_Card"/>
</testsuite> <!-- com.Airpay.Tests.TC_PP_15_Debit_Card -->
