<?xml version="1.0" encoding="UTF-8"?>
<!-- Generated by org.testng.reporters.JUnitReportReporter -->
<testsuite hostname="Parmeshwar-QA" name="com.Airpay.Tests.TC_PP_09_Debit_Card" tests="2" failures="0" timestamp="12 Dec 2018 05:40:52 GMT" time="16.449" errors="0">
  <testcase name="TC_TestCaseName" time="16.449" classname="com.Airpay.Tests.TC_PP_09_Debit_Card"/>
  <testcase name="setup" time="0.000" classname="com.Airpay.Tests.TC_PP_09_Debit_Card"/>
</testsuite> <!-- com.Airpay.Tests.TC_PP_09_Debit_Card -->
