<?xml version="1.0" encoding="UTF-8"?>
<!-- Generated by org.testng.reporters.JUnitReportReporter -->
<testsuite hostname="Parmeshwar-QA" name="com.Airpay.Tests.TC_PP_TezAddress_Empty_field_ErrorRedLines" tests="2" failures="0" timestamp="3 Dec 2018 12:19:36 GMT" time="82.412" errors="0">
  <testcase name="TC_TestCaseName" time="82.412" classname="com.Airpay.Tests.TC_PP_TezAddress_Empty_field_ErrorRedLines"/>
  <testcase name="setup" time="0.000" classname="com.Airpay.Tests.TC_PP_TezAddress_Empty_field_ErrorRedLines"/>
</testsuite> <!-- com.Airpay.Tests.TC_PP_TezAddress_Empty_field_ErrorRedLines -->
