<?xml version="1.0" encoding="UTF-8"?>
<!-- Generated by org.testng.reporters.JUnitReportReporter -->
<testsuite hostname="Parmeshwar-QA" name="com.Airpay.Tests.TC_PP_EMI_Selecting_Bank_verifying" tests="2" failures="0" timestamp="24 Jan 2019 12:22:43 GMT" time="14.790" errors="0">
  <testcase name="setup" time="0.000" classname="com.Airpay.Tests.TC_PP_EMI_Selecting_Bank_verifying"/>
  <testcase name="TC_TestCaseName" time="14.790" classname="com.Airpay.Tests.TC_PP_EMI_Selecting_Bank_verifying"/>
</testsuite> <!-- com.Airpay.Tests.TC_PP_EMI_Selecting_Bank_verifying -->
